Determining if the pthread_create exist failed with the following output:
Change Dir: /home/rogergomes/Frosty-The-Snowman/RogerGomes29/catkin_ws/build/CMakeFiles/CMakeTmp

Run Build Command:/usr/bin/make "cmTryCompileExec2883896755/fast"
/usr/bin/make -f CMakeFiles/cmTryCompileExec2883896755.dir/build.make CMakeFiles/cmTryCompileExec2883896755.dir/build
make[1]: Entering directory `/home/rogergomes/Frosty-The-Snowman/RogerGomes29/catkin_ws/build/CMakeFiles/CMakeTmp'
/usr/bin/cmake -E cmake_progress_report /home/rogergomes/Frosty-The-Snowman/RogerGomes29/catkin_ws/build/CMakeFiles/CMakeTmp/CMakeFiles 1
Building C object CMakeFiles/cmTryCompileExec2883896755.dir/CheckSymbolExists.c.o
/usr/bin/cc    -o CMakeFiles/cmTryCompileExec2883896755.dir/CheckSymbolExists.c.o   -c /home/rogergomes/Frosty-The-Snowman/RogerGomes29/catkin_ws/build/CMakeFiles/CMakeTmp/CheckSymbolExists.c
Linking C executable cmTryCompileExec2883896755
/usr/bin/cmake -E cmake_link_script CMakeFiles/cmTryCompileExec2883896755.dir/link.txt --verbose=1
/usr/bin/cc       CMakeFiles/cmTryCompileExec2883896755.dir/CheckSymbolExists.c.o  -o cmTryCompileExec2883896755 -rdynamic 
CMakeFiles/cmTryCompileExec2883896755.dir/CheckSymbolExists.c.o: In function `main':
CheckSymbolExists.c:(.text+0xa): undefined reference to `pthread_create'
collect2: error: ld returned 1 exit status
make[1]: Leaving directory `/home/rogergomes/Frosty-The-Snowman/RogerGomes29/catkin_ws/build/CMakeFiles/CMakeTmp'
make[1]: *** [cmTryCompileExec2883896755] Error 1
make: *** [cmTryCompileExec2883896755/fast] Error 2

File /home/rogergomes/Frosty-The-Snowman/RogerGomes29/catkin_ws/build/CMakeFiles/CMakeTmp/CheckSymbolExists.c:
/* */
#include <pthread.h>

int main(int argc, char** argv)
{
  (void)argv;
#ifndef pthread_create
  return ((int*)(&pthread_create))[argc];
#else
  (void)argc;
  return 0;
#endif
}

Determining if the function pthread_create exists in the pthreads failed with the following output:
Change Dir: /home/rogergomes/Frosty-The-Snowman/RogerGomes29/catkin_ws/build/CMakeFiles/CMakeTmp

Run Build Command:/usr/bin/make "cmTryCompileExec3678684603/fast"
/usr/bin/make -f CMakeFiles/cmTryCompileExec3678684603.dir/build.make CMakeFiles/cmTryCompileExec3678684603.dir/build
make[1]: Entering directory `/home/rogergomes/Frosty-The-Snowman/RogerGomes29/catkin_ws/build/CMakeFiles/CMakeTmp'
/usr/bin/cmake -E cmake_progress_report /home/rogergomes/Frosty-The-Snowman/RogerGomes29/catkin_ws/build/CMakeFiles/CMakeTmp/CMakeFiles 1
Building C object CMakeFiles/cmTryCompileExec3678684603.dir/CheckFunctionExists.c.o
/usr/bin/cc   -DCHECK_FUNCTION_EXISTS=pthread_create   -o CMakeFiles/cmTryCompileExec3678684603.dir/CheckFunctionExists.c.o   -c /usr/share/cmake-2.8/Modules/CheckFunctionExists.c
Linking C executable cmTryCompileExec3678684603
/usr/bin/cmake -E cmake_link_script CMakeFiles/cmTryCompileExec3678684603.dir/link.txt --verbose=1
/usr/bin/cc   -DCHECK_FUNCTION_EXISTS=pthread_create    CMakeFiles/cmTryCompileExec3678684603.dir/CheckFunctionExists.c.o  -o cmTryCompileExec3678684603 -rdynamic -lpthreads 
/usr/bin/ld: cannot find -lpthreads
collect2: error: ld returned 1 exit status
make[1]: Leaving directory `/home/rogergomes/Frosty-The-Snowman/RogerGomes29/catkin_ws/build/CMakeFiles/CMakeTmp'
make[1]: *** [cmTryCompileExec3678684603] Error 1
make: *** [cmTryCompileExec3678684603/fast] Error 2


