Determining if the pthread_create exist failed with the following output:
Change Dir: /home/haden/ee5900/Frosty-The-Snowman/haden/catkin_ws/build/CMakeFiles/CMakeTmp

Run Build Command:/usr/bin/make "cmTryCompileExec4000065377/fast"
/usr/bin/make -f CMakeFiles/cmTryCompileExec4000065377.dir/build.make CMakeFiles/cmTryCompileExec4000065377.dir/build
make[1]: Entering directory `/home/haden/ee5900/Frosty-The-Snowman/haden/catkin_ws/build/CMakeFiles/CMakeTmp'
/usr/bin/cmake -E cmake_progress_report /home/haden/ee5900/Frosty-The-Snowman/haden/catkin_ws/build/CMakeFiles/CMakeTmp/CMakeFiles 1
Building C object CMakeFiles/cmTryCompileExec4000065377.dir/CheckSymbolExists.c.o
/usr/bin/cc    -o CMakeFiles/cmTryCompileExec4000065377.dir/CheckSymbolExists.c.o   -c /home/haden/ee5900/Frosty-The-Snowman/haden/catkin_ws/build/CMakeFiles/CMakeTmp/CheckSymbolExists.c
Linking C executable cmTryCompileExec4000065377
/usr/bin/cmake -E cmake_link_script CMakeFiles/cmTryCompileExec4000065377.dir/link.txt --verbose=1
/usr/bin/cc       CMakeFiles/cmTryCompileExec4000065377.dir/CheckSymbolExists.c.o  -o cmTryCompileExec4000065377 -rdynamic 
CMakeFiles/cmTryCompileExec4000065377.dir/CheckSymbolExists.c.o: In function `main':
CheckSymbolExists.c:(.text+0x16): undefined reference to `pthread_create'
collect2: error: ld returned 1 exit status
make[1]: *** [cmTryCompileExec4000065377] Error 1
make[1]: Leaving directory `/home/haden/ee5900/Frosty-The-Snowman/haden/catkin_ws/build/CMakeFiles/CMakeTmp'
make: *** [cmTryCompileExec4000065377/fast] Error 2

File /home/haden/ee5900/Frosty-The-Snowman/haden/catkin_ws/build/CMakeFiles/CMakeTmp/CheckSymbolExists.c:
/* */
#include <pthread.h>

int main(int argc, char** argv)
{
  (void)argv;
#ifndef pthread_create
  return ((int*)(&pthread_create))[argc];
#else
  (void)argc;
  return 0;
#endif
}

Determining if the function pthread_create exists in the pthreads failed with the following output:
Change Dir: /home/haden/ee5900/Frosty-The-Snowman/haden/catkin_ws/build/CMakeFiles/CMakeTmp

Run Build Command:/usr/bin/make "cmTryCompileExec4286285607/fast"
/usr/bin/make -f CMakeFiles/cmTryCompileExec4286285607.dir/build.make CMakeFiles/cmTryCompileExec4286285607.dir/build
make[1]: Entering directory `/home/haden/ee5900/Frosty-The-Snowman/haden/catkin_ws/build/CMakeFiles/CMakeTmp'
/usr/bin/cmake -E cmake_progress_report /home/haden/ee5900/Frosty-The-Snowman/haden/catkin_ws/build/CMakeFiles/CMakeTmp/CMakeFiles 1
Building C object CMakeFiles/cmTryCompileExec4286285607.dir/CheckFunctionExists.c.o
/usr/bin/cc   -DCHECK_FUNCTION_EXISTS=pthread_create   -o CMakeFiles/cmTryCompileExec4286285607.dir/CheckFunctionExists.c.o   -c /usr/share/cmake-2.8/Modules/CheckFunctionExists.c
Linking C executable cmTryCompileExec4286285607
/usr/bin/cmake -E cmake_link_script CMakeFiles/cmTryCompileExec4286285607.dir/link.txt --verbose=1
/usr/bin/cc   -DCHECK_FUNCTION_EXISTS=pthread_create    CMakeFiles/cmTryCompileExec4286285607.dir/CheckFunctionExists.c.o  -o cmTryCompileExec4286285607 -rdynamic -lpthreads 
/usr/bin/ld: cannot find -lpthreads
collect2: error: ld returned 1 exit status
make[1]: *** [cmTryCompileExec4286285607] Error 1
make[1]: Leaving directory `/home/haden/ee5900/Frosty-The-Snowman/haden/catkin_ws/build/CMakeFiles/CMakeTmp'
make: *** [cmTryCompileExec4286285607/fast] Error 2


