Determining if the pthread_create exist failed with the following output:
Change Dir: /home/rogergomes/Frosty-The-Snowman/RogerGomes29/Assignment1/catkin_ws/build/CMakeFiles/CMakeTmp

Run Build Command:/usr/bin/make "cmTryCompileExec698029946/fast"
/usr/bin/make -f CMakeFiles/cmTryCompileExec698029946.dir/build.make CMakeFiles/cmTryCompileExec698029946.dir/build
make[1]: Entering directory `/home/rogergomes/Frosty-The-Snowman/RogerGomes29/Assignment1/catkin_ws/build/CMakeFiles/CMakeTmp'
/usr/bin/cmake -E cmake_progress_report /home/rogergomes/Frosty-The-Snowman/RogerGomes29/Assignment1/catkin_ws/build/CMakeFiles/CMakeTmp/CMakeFiles 1
Building C object CMakeFiles/cmTryCompileExec698029946.dir/CheckSymbolExists.c.o
/usr/bin/cc    -o CMakeFiles/cmTryCompileExec698029946.dir/CheckSymbolExists.c.o   -c /home/rogergomes/Frosty-The-Snowman/RogerGomes29/Assignment1/catkin_ws/build/CMakeFiles/CMakeTmp/CheckSymbolExists.c
Linking C executable cmTryCompileExec698029946
/usr/bin/cmake -E cmake_link_script CMakeFiles/cmTryCompileExec698029946.dir/link.txt --verbose=1
/usr/bin/cc       CMakeFiles/cmTryCompileExec698029946.dir/CheckSymbolExists.c.o  -o cmTryCompileExec698029946 -rdynamic 
CMakeFiles/cmTryCompileExec698029946.dir/CheckSymbolExists.c.o: In function `main':
CheckSymbolExists.c:(.text+0xa): undefined reference to `pthread_create'
collect2: error: ld returned 1 exit status
make[1]: Leaving directory `/home/rogergomes/Frosty-The-Snowman/RogerGomes29/Assignment1/catkin_ws/build/CMakeFiles/CMakeTmp'
make[1]: *** [cmTryCompileExec698029946] Error 1
make: *** [cmTryCompileExec698029946/fast] Error 2

File /home/rogergomes/Frosty-The-Snowman/RogerGomes29/Assignment1/catkin_ws/build/CMakeFiles/CMakeTmp/CheckSymbolExists.c:
/* */
#include <pthread.h>

int main(int argc, char** argv)
{
  (void)argv;
#ifndef pthread_create
  return ((int*)(&pthread_create))[argc];
#else
  (void)argc;
  return 0;
#endif
}

Determining if the function pthread_create exists in the pthreads failed with the following output:
Change Dir: /home/rogergomes/Frosty-The-Snowman/RogerGomes29/Assignment1/catkin_ws/build/CMakeFiles/CMakeTmp

Run Build Command:/usr/bin/make "cmTryCompileExec263108027/fast"
/usr/bin/make -f CMakeFiles/cmTryCompileExec263108027.dir/build.make CMakeFiles/cmTryCompileExec263108027.dir/build
make[1]: Entering directory `/home/rogergomes/Frosty-The-Snowman/RogerGomes29/Assignment1/catkin_ws/build/CMakeFiles/CMakeTmp'
/usr/bin/cmake -E cmake_progress_report /home/rogergomes/Frosty-The-Snowman/RogerGomes29/Assignment1/catkin_ws/build/CMakeFiles/CMakeTmp/CMakeFiles 1
Building C object CMakeFiles/cmTryCompileExec263108027.dir/CheckFunctionExists.c.o
/usr/bin/cc   -DCHECK_FUNCTION_EXISTS=pthread_create   -o CMakeFiles/cmTryCompileExec263108027.dir/CheckFunctionExists.c.o   -c /usr/share/cmake-2.8/Modules/CheckFunctionExists.c
Linking C executable cmTryCompileExec263108027
/usr/bin/cmake -E cmake_link_script CMakeFiles/cmTryCompileExec263108027.dir/link.txt --verbose=1
/usr/bin/cc   -DCHECK_FUNCTION_EXISTS=pthread_create    CMakeFiles/cmTryCompileExec263108027.dir/CheckFunctionExists.c.o  -o cmTryCompileExec263108027 -rdynamic -lpthreads 
/usr/bin/ld: cannot find -lpthreads
make[1]: Leaving directory `/home/rogergomes/Frosty-The-Snowman/RogerGomes29/Assignment1/catkin_ws/build/CMakeFiles/CMakeTmp'
collect2: error: ld returned 1 exit status
make[1]: *** [cmTryCompileExec263108027] Error 1
make: *** [cmTryCompileExec263108027/fast] Error 2


