Determining if the pthread_create exist failed with the following output:
Change Dir: /home/rogergomes/Frosty-The-Snowman/Assignment_1/catkin_ws/build/CMakeFiles/CMakeTmp

Run Build Command:/usr/bin/make "cmTryCompileExec4279740/fast"
/usr/bin/make -f CMakeFiles/cmTryCompileExec4279740.dir/build.make CMakeFiles/cmTryCompileExec4279740.dir/build
make[1]: Entering directory `/home/rogergomes/Frosty-The-Snowman/Assignment_1/catkin_ws/build/CMakeFiles/CMakeTmp'
/usr/bin/cmake -E cmake_progress_report /home/rogergomes/Frosty-The-Snowman/Assignment_1/catkin_ws/build/CMakeFiles/CMakeTmp/CMakeFiles 1
Building C object CMakeFiles/cmTryCompileExec4279740.dir/CheckSymbolExists.c.o
/usr/bin/cc    -o CMakeFiles/cmTryCompileExec4279740.dir/CheckSymbolExists.c.o   -c /home/rogergomes/Frosty-The-Snowman/Assignment_1/catkin_ws/build/CMakeFiles/CMakeTmp/CheckSymbolExists.c
Linking C executable cmTryCompileExec4279740
/usr/bin/cmake -E cmake_link_script CMakeFiles/cmTryCompileExec4279740.dir/link.txt --verbose=1
/usr/bin/cc       CMakeFiles/cmTryCompileExec4279740.dir/CheckSymbolExists.c.o  -o cmTryCompileExec4279740 -rdynamic 
CMakeFiles/cmTryCompileExec4279740.dir/CheckSymbolExists.c.o: In function `main':
CheckSymbolExists.c:(.text+0xa): undefined reference to `pthread_create'
collect2: error: ld returned 1 exit status
make[1]: *** [cmTryCompileExec4279740] Error 1
make[1]: Leaving directory `/home/rogergomes/Frosty-The-Snowman/Assignment_1/catkin_ws/build/CMakeFiles/CMakeTmp'
make: *** [cmTryCompileExec4279740/fast] Error 2

File /home/rogergomes/Frosty-The-Snowman/Assignment_1/catkin_ws/build/CMakeFiles/CMakeTmp/CheckSymbolExists.c:
/* */
#include <pthread.h>

int main(int argc, char** argv)
{
  (void)argv;
#ifndef pthread_create
  return ((int*)(&pthread_create))[argc];
#else
  (void)argc;
  return 0;
#endif
}

Determining if the function pthread_create exists in the pthreads failed with the following output:
Change Dir: /home/rogergomes/Frosty-The-Snowman/Assignment_1/catkin_ws/build/CMakeFiles/CMakeTmp

Run Build Command:/usr/bin/make "cmTryCompileExec4046020834/fast"
/usr/bin/make -f CMakeFiles/cmTryCompileExec4046020834.dir/build.make CMakeFiles/cmTryCompileExec4046020834.dir/build
make[1]: Entering directory `/home/rogergomes/Frosty-The-Snowman/Assignment_1/catkin_ws/build/CMakeFiles/CMakeTmp'
/usr/bin/cmake -E cmake_progress_report /home/rogergomes/Frosty-The-Snowman/Assignment_1/catkin_ws/build/CMakeFiles/CMakeTmp/CMakeFiles 1
Building C object CMakeFiles/cmTryCompileExec4046020834.dir/CheckFunctionExists.c.o
/usr/bin/cc   -DCHECK_FUNCTION_EXISTS=pthread_create   -o CMakeFiles/cmTryCompileExec4046020834.dir/CheckFunctionExists.c.o   -c /usr/share/cmake-2.8/Modules/CheckFunctionExists.c
Linking C executable cmTryCompileExec4046020834
/usr/bin/cmake -E cmake_link_script CMakeFiles/cmTryCompileExec4046020834.dir/link.txt --verbose=1
/usr/bin/cc   -DCHECK_FUNCTION_EXISTS=pthread_create    CMakeFiles/cmTryCompileExec4046020834.dir/CheckFunctionExists.c.o  -o cmTryCompileExec4046020834 -rdynamic -lpthreads 
/usr/bin/ld: cannot find -lpthreads
collect2: error: ld returned 1 exit status
make[1]: Leaving directory `/home/rogergomes/Frosty-The-Snowman/Assignment_1/catkin_ws/build/CMakeFiles/CMakeTmp'
make[1]: *** [cmTryCompileExec4046020834] Error 1
make: *** [cmTryCompileExec4046020834/fast] Error 2


